CRITICAL - 2023-09-22 11:46:44 --> Return value of CodeIgniter\HTTP\IncomingRequest::getPostMaxSize() must be of the type int, float returned
in SYSTEMPATH\HTTP\IncomingRequest.php on line 208.
 1 SYSTEMPATH\HTTP\IncomingRequest.php(164): CodeIgniter\HTTP\IncomingRequest->getPostMaxSize()
 2 SYSTEMPATH\Config\Services.php(567): CodeIgniter\HTTP\IncomingRequest->__construct(Object(Config\App), Object(CodeIgniter\HTTP\SiteURI), 'php://input', Object(CodeIgniter\HTTP\UserAgent))
 3 SYSTEMPATH\Config\Services.php(523): CodeIgniter\Config\Services::incomingrequest(Object(Config\App), false)
 4 SYSTEMPATH\Config\BaseService.php(258): CodeIgniter\Config\Services::request(Object(Config\App), false)
 5 SYSTEMPATH\Config\BaseService.php(199): CodeIgniter\Config\BaseService::__callStatic('request', [...])
 6 SYSTEMPATH\Config\Services.php(558): CodeIgniter\Config\BaseService::getSharedInstance('request', Object(Config\App))
 7 SYSTEMPATH\Config\BaseService.php(258): CodeIgniter\Config\Services::incomingrequest(Object(Config\App))
 8 SYSTEMPATH\Config\Services.php(538): CodeIgniter\Config\BaseService::__callStatic('incomingrequest', [...])
 9 SYSTEMPATH\Config\BaseService.php(258): CodeIgniter\Config\Services::createRequest(Object(Config\App))
10 SYSTEMPATH\CodeIgniter.php(639): CodeIgniter\Config\BaseService::__callStatic('createRequest', [...])
11 SYSTEMPATH\CodeIgniter.php(347): CodeIgniter\CodeIgniter->getRequestObject()
12 FCPATH\index.php(79): CodeIgniter\CodeIgniter->run()
13 SYSTEMPATH\Commands\Server\rewrite.php(47): require_once('C:\\laragon\\www\\ci4\\public\\index.php')
CRITICAL - 2023-09-22 11:46:44 --> Uncaught TypeError: Return value of CodeIgniter\HTTP\IncomingRequest::getPostMaxSize() must be of the type int, float returned in C:\laragon\www\ci4\system\HTTP\IncomingRequest.php:208
Stack trace:
#0 C:\laragon\www\ci4\system\HTTP\IncomingRequest.php(164): CodeIgniter\HTTP\IncomingRequest->getPostMaxSize()
#1 C:\laragon\www\ci4\system\Config\Services.php(567): CodeIgniter\HTTP\IncomingRequest->__construct(Object(Config\App), Object(CodeIgniter\HTTP\SiteURI), 'php://input', Object(CodeIgniter\HTTP\UserAgent))
#2 C:\laragon\www\ci4\system\Config\Services.php(523): CodeIgniter\Config\Services::incomingrequest(Object(Config\App), false)
#3 C:\laragon\www\ci4\system\Config\BaseService.php(258): CodeIgniter\Config\Services::request(NULL, false)
#4 C:\laragon\www\ci4\system\Config\BaseService.php(199): CodeIgniter\Config\BaseService::__callStatic('request', Array)
#5 C:\laragon\www\ci4\system\Config\Services.php(519): CodeIgniter\Config\BaseService::getSharedInstance('request', NULL)
#6 C:\laragon\www\ci4\system\Co
【Previous Exception】
TypeError
Return value of CodeIgniter\HTTP\IncomingRequest::getPostMaxSize() must be of the type int, float returned
#0 C:\laragon\www\ci4\system\HTTP\IncomingRequest.php(164): CodeIgniter\HTTP\IncomingRequest->getPostMaxSize()
#1 C:\laragon\www\ci4\system\Config\Services.php(567): CodeIgniter\HTTP\IncomingRequest->__construct(Object(Config\App), Object(CodeIgniter\HTTP\SiteURI), 'php://input', Object(CodeIgniter\HTTP\UserAgent))
#2 C:\laragon\www\ci4\system\Config\Services.php(523): CodeIgniter\Config\Services::incomingrequest(Object(Config\App), false)
#3 C:\laragon\www\ci4\system\Config\BaseService.php(258): CodeIgniter\Config\Services::request(Object(Config\App), false)
#4 C:\laragon\www\ci4\system\Config\BaseService.php(199): CodeIgniter\Config\BaseService::__callStatic('request', Array)
#5 C:\laragon\www\ci4\system\Config\Services.php(558): CodeIgniter\Config\BaseService::getSharedInstance('request', Object(Config\App))
#6 C:\laragon\www\ci4\system\Config\BaseService.php(258): CodeIgniter\Config\Services::incomingrequest(Object(Config\App))
#7 C:\laragon\www\ci4\system\Config\Services.php(538): CodeIgniter\Config\BaseService::__callStatic('incomingrequest', Array)
#8 C:\laragon\www\ci4\system\Config\BaseService.php(258): CodeIgniter\Config\Services::createRequest(Object(Config\App))
#9 C:\laragon\www\ci4\system\CodeIgniter.php(639): CodeIgniter\Config\BaseService::__callStatic('createRequest', Array)
#10 C:\laragon\www\ci4\system\CodeIgniter.php(347): CodeIgniter\CodeIgniter->getRequestObject()
#11 C:\laragon\www\ci4\public\index.php(79): CodeIgniter\CodeIgniter->run()
#12 C:\laragon\www\ci4\system\Commands\Server\rewrite.php(47): require_once('C:\\laragon\\www\\...')
#13 {main}
in SYSTEMPATH\HTTP\IncomingRequest.php on line 208.
 1 [internal function]: CodeIgniter\Debug\Exceptions->shutdownHandler()
CRITICAL - 2023-09-22 11:47:31 --> Return value of CodeIgniter\HTTP\IncomingRequest::getPostMaxSize() must be of the type int, float returned
in SYSTEMPATH\HTTP\IncomingRequest.php on line 208.
 1 SYSTEMPATH\HTTP\IncomingRequest.php(164): CodeIgniter\HTTP\IncomingRequest->getPostMaxSize()
 2 SYSTEMPATH\Config\Services.php(567): CodeIgniter\HTTP\IncomingRequest->__construct(Object(Config\App), Object(CodeIgniter\HTTP\SiteURI), 'php://input', Object(CodeIgniter\HTTP\UserAgent))
 3 SYSTEMPATH\Config\Services.php(523): CodeIgniter\Config\Services::incomingrequest(Object(Config\App), false)
 4 SYSTEMPATH\Config\BaseService.php(258): CodeIgniter\Config\Services::request(Object(Config\App), false)
 5 SYSTEMPATH\Config\BaseService.php(199): CodeIgniter\Config\BaseService::__callStatic('request', [...])
 6 SYSTEMPATH\Config\Services.php(558): CodeIgniter\Config\BaseService::getSharedInstance('request', Object(Config\App))
 7 SYSTEMPATH\Config\BaseService.php(258): CodeIgniter\Config\Services::incomingrequest(Object(Config\App))
 8 SYSTEMPATH\Config\Services.php(538): CodeIgniter\Config\BaseService::__callStatic('incomingrequest', [...])
 9 SYSTEMPATH\Config\BaseService.php(258): CodeIgniter\Config\Services::createRequest(Object(Config\App))
10 SYSTEMPATH\CodeIgniter.php(639): CodeIgniter\Config\BaseService::__callStatic('createRequest', [...])
11 SYSTEMPATH\CodeIgniter.php(347): CodeIgniter\CodeIgniter->getRequestObject()
12 FCPATH\index.php(79): CodeIgniter\CodeIgniter->run()
13 SYSTEMPATH\Commands\Server\rewrite.php(47): require_once('C:\\laragon\\www\\ci4\\public\\index.php')
CRITICAL - 2023-09-22 11:47:31 --> Uncaught TypeError: Return value of CodeIgniter\HTTP\IncomingRequest::getPostMaxSize() must be of the type int, float returned in C:\laragon\www\ci4\system\HTTP\IncomingRequest.php:208
Stack trace:
#0 C:\laragon\www\ci4\system\HTTP\IncomingRequest.php(164): CodeIgniter\HTTP\IncomingRequest->getPostMaxSize()
#1 C:\laragon\www\ci4\system\Config\Services.php(567): CodeIgniter\HTTP\IncomingRequest->__construct(Object(Config\App), Object(CodeIgniter\HTTP\SiteURI), 'php://input', Object(CodeIgniter\HTTP\UserAgent))
#2 C:\laragon\www\ci4\system\Config\Services.php(523): CodeIgniter\Config\Services::incomingrequest(Object(Config\App), false)
#3 C:\laragon\www\ci4\system\Config\BaseService.php(258): CodeIgniter\Config\Services::request(NULL, false)
#4 C:\laragon\www\ci4\system\Config\BaseService.php(199): CodeIgniter\Config\BaseService::__callStatic('request', Array)
#5 C:\laragon\www\ci4\system\Config\Services.php(519): CodeIgniter\Config\BaseService::getSharedInstance('request', NULL)
#6 C:\laragon\www\ci4\system\Co
【Previous Exception】
TypeError
Return value of CodeIgniter\HTTP\IncomingRequest::getPostMaxSize() must be of the type int, float returned
#0 C:\laragon\www\ci4\system\HTTP\IncomingRequest.php(164): CodeIgniter\HTTP\IncomingRequest->getPostMaxSize()
#1 C:\laragon\www\ci4\system\Config\Services.php(567): CodeIgniter\HTTP\IncomingRequest->__construct(Object(Config\App), Object(CodeIgniter\HTTP\SiteURI), 'php://input', Object(CodeIgniter\HTTP\UserAgent))
#2 C:\laragon\www\ci4\system\Config\Services.php(523): CodeIgniter\Config\Services::incomingrequest(Object(Config\App), false)
#3 C:\laragon\www\ci4\system\Config\BaseService.php(258): CodeIgniter\Config\Services::request(Object(Config\App), false)
#4 C:\laragon\www\ci4\system\Config\BaseService.php(199): CodeIgniter\Config\BaseService::__callStatic('request', Array)
#5 C:\laragon\www\ci4\system\Config\Services.php(558): CodeIgniter\Config\BaseService::getSharedInstance('request', Object(Config\App))
#6 C:\laragon\www\ci4\system\Config\BaseService.php(258): CodeIgniter\Config\Services::incomingrequest(Object(Config\App))
#7 C:\laragon\www\ci4\system\Config\Services.php(538): CodeIgniter\Config\BaseService::__callStatic('incomingrequest', Array)
#8 C:\laragon\www\ci4\system\Config\BaseService.php(258): CodeIgniter\Config\Services::createRequest(Object(Config\App))
#9 C:\laragon\www\ci4\system\CodeIgniter.php(639): CodeIgniter\Config\BaseService::__callStatic('createRequest', Array)
#10 C:\laragon\www\ci4\system\CodeIgniter.php(347): CodeIgniter\CodeIgniter->getRequestObject()
#11 C:\laragon\www\ci4\public\index.php(79): CodeIgniter\CodeIgniter->run()
#12 C:\laragon\www\ci4\system\Commands\Server\rewrite.php(47): require_once('C:\\laragon\\www\\...')
#13 {main}
in SYSTEMPATH\HTTP\IncomingRequest.php on line 208.
 1 [internal function]: CodeIgniter\Debug\Exceptions->shutdownHandler()
CRITICAL - 2023-09-22 11:47:38 --> Return value of CodeIgniter\HTTP\IncomingRequest::getPostMaxSize() must be of the type int, float returned
in SYSTEMPATH\HTTP\IncomingRequest.php on line 208.
 1 SYSTEMPATH\HTTP\IncomingRequest.php(164): CodeIgniter\HTTP\IncomingRequest->getPostMaxSize()
 2 SYSTEMPATH\Config\Services.php(567): CodeIgniter\HTTP\IncomingRequest->__construct(Object(Config\App), Object(CodeIgniter\HTTP\SiteURI), 'php://input', Object(CodeIgniter\HTTP\UserAgent))
 3 SYSTEMPATH\Config\Services.php(523): CodeIgniter\Config\Services::incomingrequest(Object(Config\App), false)
 4 SYSTEMPATH\Config\BaseService.php(258): CodeIgniter\Config\Services::request(Object(Config\App), false)
 5 SYSTEMPATH\Config\BaseService.php(199): CodeIgniter\Config\BaseService::__callStatic('request', [...])
 6 SYSTEMPATH\Config\Services.php(558): CodeIgniter\Config\BaseService::getSharedInstance('request', Object(Config\App))
 7 SYSTEMPATH\Config\BaseService.php(258): CodeIgniter\Config\Services::incomingrequest(Object(Config\App))
 8 SYSTEMPATH\Config\Services.php(538): CodeIgniter\Config\BaseService::__callStatic('incomingrequest', [...])
 9 SYSTEMPATH\Config\BaseService.php(258): CodeIgniter\Config\Services::createRequest(Object(Config\App))
10 SYSTEMPATH\CodeIgniter.php(639): CodeIgniter\Config\BaseService::__callStatic('createRequest', [...])
11 SYSTEMPATH\CodeIgniter.php(347): CodeIgniter\CodeIgniter->getRequestObject()
12 FCPATH\index.php(79): CodeIgniter\CodeIgniter->run()
13 SYSTEMPATH\Commands\Server\rewrite.php(47): require_once('C:\\laragon\\www\\ci4\\public\\index.php')
CRITICAL - 2023-09-22 11:47:38 --> Uncaught TypeError: Return value of CodeIgniter\HTTP\IncomingRequest::getPostMaxSize() must be of the type int, float returned in C:\laragon\www\ci4\system\HTTP\IncomingRequest.php:208
Stack trace:
#0 C:\laragon\www\ci4\system\HTTP\IncomingRequest.php(164): CodeIgniter\HTTP\IncomingRequest->getPostMaxSize()
#1 C:\laragon\www\ci4\system\Config\Services.php(567): CodeIgniter\HTTP\IncomingRequest->__construct(Object(Config\App), Object(CodeIgniter\HTTP\SiteURI), 'php://input', Object(CodeIgniter\HTTP\UserAgent))
#2 C:\laragon\www\ci4\system\Config\Services.php(523): CodeIgniter\Config\Services::incomingrequest(Object(Config\App), false)
#3 C:\laragon\www\ci4\system\Config\BaseService.php(258): CodeIgniter\Config\Services::request(NULL, false)
#4 C:\laragon\www\ci4\system\Config\BaseService.php(199): CodeIgniter\Config\BaseService::__callStatic('request', Array)
#5 C:\laragon\www\ci4\system\Config\Services.php(519): CodeIgniter\Config\BaseService::getSharedInstance('request', NULL)
#6 C:\laragon\www\ci4\system\Co
【Previous Exception】
TypeError
Return value of CodeIgniter\HTTP\IncomingRequest::getPostMaxSize() must be of the type int, float returned
#0 C:\laragon\www\ci4\system\HTTP\IncomingRequest.php(164): CodeIgniter\HTTP\IncomingRequest->getPostMaxSize()
#1 C:\laragon\www\ci4\system\Config\Services.php(567): CodeIgniter\HTTP\IncomingRequest->__construct(Object(Config\App), Object(CodeIgniter\HTTP\SiteURI), 'php://input', Object(CodeIgniter\HTTP\UserAgent))
#2 C:\laragon\www\ci4\system\Config\Services.php(523): CodeIgniter\Config\Services::incomingrequest(Object(Config\App), false)
#3 C:\laragon\www\ci4\system\Config\BaseService.php(258): CodeIgniter\Config\Services::request(Object(Config\App), false)
#4 C:\laragon\www\ci4\system\Config\BaseService.php(199): CodeIgniter\Config\BaseService::__callStatic('request', Array)
#5 C:\laragon\www\ci4\system\Config\Services.php(558): CodeIgniter\Config\BaseService::getSharedInstance('request', Object(Config\App))
#6 C:\laragon\www\ci4\system\Config\BaseService.php(258): CodeIgniter\Config\Services::incomingrequest(Object(Config\App))
#7 C:\laragon\www\ci4\system\Config\Services.php(538): CodeIgniter\Config\BaseService::__callStatic('incomingrequest', Array)
#8 C:\laragon\www\ci4\system\Config\BaseService.php(258): CodeIgniter\Config\Services::createRequest(Object(Config\App))
#9 C:\laragon\www\ci4\system\CodeIgniter.php(639): CodeIgniter\Config\BaseService::__callStatic('createRequest', Array)
#10 C:\laragon\www\ci4\system\CodeIgniter.php(347): CodeIgniter\CodeIgniter->getRequestObject()
#11 C:\laragon\www\ci4\public\index.php(79): CodeIgniter\CodeIgniter->run()
#12 C:\laragon\www\ci4\system\Commands\Server\rewrite.php(47): require_once('C:\\laragon\\www\\...')
#13 {main}
in SYSTEMPATH\HTTP\IncomingRequest.php on line 208.
 1 [internal function]: CodeIgniter\Debug\Exceptions->shutdownHandler()
ERROR - 2023-09-22 12:57:50 --> Error connecting to the database: mysqli_sql_exception: Unknown database 'elizabethdb' in C:\laragon\www\laboratory1\system\Database\MySQLi\Connection.php:185
Stack trace:
#0 C:\laragon\www\laboratory1\system\Database\MySQLi\Connection.php(185): mysqli->real_connect('localhost', 'root', '', 'elizabethdb', 3306, '', 0)
#1 C:\laragon\www\laboratory1\system\Database\BaseConnection.php(391): CodeIgniter\Database\MySQLi\Connection->connect(false)
#2 C:\laragon\www\laboratory1\system\Database\BaseConnection.php(574): CodeIgniter\Database\BaseConnection->initialize()
#3 C:\laragon\www\laboratory1\system\Database\BaseBuilder.php(1615): CodeIgniter\Database\BaseConnection->query('SELECT *\nFROM `...', Array, false)
#4 C:\laragon\www\laboratory1\system\Model.php(237): CodeIgniter\Database\BaseBuilder->get()
#5 C:\laragon\www\laboratory1\system\BaseModel.php(624): CodeIgniter\Model->doFindAll(0, 0)
#6 C:\laragon\www\laboratory1\app\Controllers\UserController.php(72): CodeIgniter\BaseModel->findAll()
#7 C:\laragon\www\laboratory1\system\CodeIgniter.php(919): App\Controllers\UserController->homepage()
#8 C:\laragon\www\laboratory1\system\CodeIgniter.php(494): CodeIgniter\CodeIgniter->runController(Object(App\Controllers\UserController))
#9 C:\laragon\www\laboratory1\system\CodeIgniter.php(353): CodeIgniter\CodeIgniter->handleRequest(NULL, Object(Config\Cache), false)
#10 C:\laragon\www\laboratory1\public\index.php(79): CodeIgniter\CodeIgniter->run()
#11 C:\laragon\www\laboratory1\system\Commands\Server\rewrite.php(47): require_once('C:\\laragon\\www\\...')
#12 {main}

Next CodeIgniter\Database\Exceptions\DatabaseException: Unknown database 'elizabethdb' in C:\laragon\www\laboratory1\system\Database\MySQLi\Connection.php:229
Stack trace:
#0 C:\laragon\www\laboratory1\system\Database\BaseConnection.php(391): CodeIgniter\Database\MySQLi\Connection->connect(false)
#1 C:\laragon\www\laboratory1\system\Database\BaseConnection.php(574): CodeIgniter\Database\BaseConnection->initialize()
#2 C:\laragon\www\laboratory1\system\Database\BaseBuilder.php(1615): CodeIgniter\Database\BaseConnection->query('SELECT *\nFROM `...', Array, false)
#3 C:\laragon\www\laboratory1\system\Model.php(237): CodeIgniter\Database\BaseBuilder->get()
#4 C:\laragon\www\laboratory1\system\BaseModel.php(624): CodeIgniter\Model->doFindAll(0, 0)
#5 C:\laragon\www\laboratory1\app\Controllers\UserController.php(72): CodeIgniter\BaseModel->findAll()
#6 C:\laragon\www\laboratory1\system\CodeIgniter.php(919): App\Controllers\UserController->homepage()
#7 C:\laragon\www\laboratory1\system\CodeIgniter.php(494): CodeIgniter\CodeIgniter->runController(Object(App\Controllers\UserController))
#8 C:\laragon\www\laboratory1\system\CodeIgniter.php(353): CodeIgniter\CodeIgniter->handleRequest(NULL, Object(Config\Cache), false)
#9 C:\laragon\www\laboratory1\public\index.php(79): CodeIgniter\CodeIgniter->run()
#10 C:\laragon\www\laboratory1\system\Commands\Server\rewrite.php(47): require_once('C:\\laragon\\www\\...')
#11 {main}
CRITICAL - 2023-09-22 12:57:50 --> Unable to connect to the database.
Main connection [MySQLi]: Unknown database 'elizabethdb'
in SYSTEMPATH\Database\BaseConnection.php on line 427.
 1 SYSTEMPATH\Database\BaseConnection.php(574): CodeIgniter\Database\BaseConnection->initialize()
 2 SYSTEMPATH\Database\BaseBuilder.php(1615): CodeIgniter\Database\BaseConnection->query('SELECT *
FROM `act_test`', [], false)
 3 SYSTEMPATH\Model.php(237): CodeIgniter\Database\BaseBuilder->get()
 4 SYSTEMPATH\BaseModel.php(624): CodeIgniter\Model->doFindAll(0, 0)
 5 APPPATH\Controllers\UserController.php(72): CodeIgniter\BaseModel->findAll()
 6 SYSTEMPATH\CodeIgniter.php(919): App\Controllers\UserController->homepage()
 7 SYSTEMPATH\CodeIgniter.php(494): CodeIgniter\CodeIgniter->runController(Object(App\Controllers\UserController))
 8 SYSTEMPATH\CodeIgniter.php(353): CodeIgniter\CodeIgniter->handleRequest(null, Object(Config\Cache), false)
 9 FCPATH\index.php(79): CodeIgniter\CodeIgniter->run()
10 SYSTEMPATH\Commands\Server\rewrite.php(47): require_once('C:\\laragon\\www\\laboratory1\\public\\index.php')
